  taskcontainer.cpp
e:\2106\c++\cktrader\include\utils\datablk.h(91): warning C4251: 'Datablk::m_ptr': class 'std::unique_ptr<Datablk::Base,std::default_delete<_Ty>>' needs to have dll-interface to be used by clients of struct 'Datablk'
          with
          [
              _Ty=Datablk::Base
          ]
  e:\2106\c++\cktrader\include\utils\datablk.h(61): note: see declaration of 'std::unique_ptr<Datablk::Base,std::default_delete<_Ty>>'
          with
          [
              _Ty=Datablk::Base
          ]
e:\2106\c++\cktrader\include\utils\datablk.h(92): warning C4251: 'Datablk::m_tpIndex': class 'std::type_index' needs to have dll-interface to be used by clients of struct 'Datablk'
  C:\Program Files (x86)\Microsoft Visual Studio 14.0\VC\include\typeindex(19): note: see declaration of 'std::type_index'
E:\2106\c++\cktrader\include\utils/cktypes.h(14): warning C4251: 'Task::type': class 'std::basic_string<char,std::char_traits<char>,std::allocator<char>>' needs to have dll-interface to be used by clients of struct 'Task'
  C:\Program Files (x86)\Microsoft Visual Studio 14.0\VC\include\xstring(2633): note: see declaration of 'std::basic_string<char,std::char_traits<char>,std::allocator<char>>'
E:\2106\c++\cktrader\include\utils/cktypes.h(28): warning C4251: 'FuncData::h': class 'std::function<void (Datablk &)>' needs to have dll-interface to be used by clients of struct 'FuncData'
  E:\2106\c++\cktrader\include\utils/cktypes.h(19): note: see declaration of 'std::function<void (Datablk &)>'
E:\2106\c++\cktrader\include\utils/cktypes.h(54): warning C4251: 'BarData::symbol': class 'std::basic_string<char,std::char_traits<char>,std::allocator<char>>' needs to have dll-interface to be used by clients of struct 'BarData'
  C:\Program Files (x86)\Microsoft Visual Studio 14.0\VC\include\xstring(2633): note: see declaration of 'std::basic_string<char,std::char_traits<char>,std::allocator<char>>'
E:\2106\c++\cktrader\include\utils/cktypes.h(55): warning C4251: 'BarData::exchange': class 'std::basic_string<char,std::char_traits<char>,std::allocator<char>>' needs to have dll-interface to be used by clients of struct 'BarData'
  C:\Program Files (x86)\Microsoft Visual Studio 14.0\VC\include\xstring(2633): note: see declaration of 'std::basic_string<char,std::char_traits<char>,std::allocator<char>>'
E:\2106\c++\cktrader\include\utils/cktypes.h(60): warning C4251: 'BarData::date': class 'std::basic_string<char,std::char_traits<char>,std::allocator<char>>' needs to have dll-interface to be used by clients of struct 'BarData'
  C:\Program Files (x86)\Microsoft Visual Studio 14.0\VC\include\xstring(2633): note: see declaration of 'std::basic_string<char,std::char_traits<char>,std::allocator<char>>'
E:\2106\c++\cktrader\include\utils/cktypes.h(61): warning C4251: 'BarData::time': class 'std::basic_string<char,std::char_traits<char>,std::allocator<char>>' needs to have dll-interface to be used by clients of struct 'BarData'
  C:\Program Files (x86)\Microsoft Visual Studio 14.0\VC\include\xstring(2633): note: see declaration of 'std::basic_string<char,std::char_traits<char>,std::allocator<char>>'
E:\2106\c++\cktrader\include\utils/cktypes.h(68): warning C4251: 'TickData::symbol': class 'std::basic_string<char,std::char_traits<char>,std::allocator<char>>' needs to have dll-interface to be used by clients of struct 'TickData'
  C:\Program Files (x86)\Microsoft Visual Studio 14.0\VC\include\xstring(2633): note: see declaration of 'std::basic_string<char,std::char_traits<char>,std::allocator<char>>'
E:\2106\c++\cktrader\include\utils/cktypes.h(69): warning C4251: 'TickData::exchange': class 'std::basic_string<char,std::char_traits<char>,std::allocator<char>>' needs to have dll-interface to be used by clients of struct 'TickData'
  C:\Program Files (x86)\Microsoft Visual Studio 14.0\VC\include\xstring(2633): note: see declaration of 'std::basic_string<char,std::char_traits<char>,std::allocator<char>>'
E:\2106\c++\cktrader\include\utils/cktypes.h(75): warning C4251: 'TickData::date': class 'std::basic_string<char,std::char_traits<char>,std::allocator<char>>' needs to have dll-interface to be used by clients of struct 'TickData'
  C:\Program Files (x86)\Microsoft Visual Studio 14.0\VC\include\xstring(2633): note: see declaration of 'std::basic_string<char,std::char_traits<char>,std::allocator<char>>'
E:\2106\c++\cktrader\include\utils/cktypes.h(76): warning C4251: 'TickData::time': class 'std::basic_string<char,std::char_traits<char>,std::allocator<char>>' needs to have dll-interface to be used by clients of struct 'TickData'
  C:\Program Files (x86)\Microsoft Visual Studio 14.0\VC\include\xstring(2633): note: see declaration of 'std::basic_string<char,std::char_traits<char>,std::allocator<char>>'
E:\2106\c++\cktrader\include\utils/cktypes.h(97): warning C4251: 'TickData::tSymbol': class 'std::basic_string<char,std::char_traits<char>,std::allocator<char>>' needs to have dll-interface to be used by clients of struct 'TickData'
  C:\Program Files (x86)\Microsoft Visual Studio 14.0\VC\include\xstring(2633): note: see declaration of 'std::basic_string<char,std::char_traits<char>,std::allocator<char>>'
E:\2106\c++\cktrader\include\utils/cktypes.h(98): warning C4251: 'TickData::gateWayName': class 'std::basic_string<char,std::char_traits<char>,std::allocator<char>>' needs to have dll-interface to be used by clients of struct 'TickData'
  C:\Program Files (x86)\Microsoft Visual Studio 14.0\VC\include\xstring(2633): note: see declaration of 'std::basic_string<char,std::char_traits<char>,std::allocator<char>>'
E:\2106\c++\cktrader\include\utils/cktypes.h(108): warning C4251: 'OrderData::symbol': class 'std::basic_string<char,std::char_traits<char>,std::allocator<char>>' needs to have dll-interface to be used by clients of struct 'OrderData'
  C:\Program Files (x86)\Microsoft Visual Studio 14.0\VC\include\xstring(2633): note: see declaration of 'std::basic_string<char,std::char_traits<char>,std::allocator<char>>'
E:\2106\c++\cktrader\include\utils/cktypes.h(109): warning C4251: 'OrderData::exchange': class 'std::basic_string<char,std::char_traits<char>,std::allocator<char>>' needs to have dll-interface to be used by clients of struct 'OrderData'
  C:\Program Files (x86)\Microsoft Visual Studio 14.0\VC\include\xstring(2633): note: see declaration of 'std::basic_string<char,std::char_traits<char>,std::allocator<char>>'
E:\2106\c++\cktrader\include\utils/cktypes.h(110): warning C4251: 'OrderData::orderID': class 'std::basic_string<char,std::char_traits<char>,std::allocator<char>>' needs to have dll-interface to be used by clients of struct 'OrderData'
  C:\Program Files (x86)\Microsoft Visual Studio 14.0\VC\include\xstring(2633): note: see declaration of 'std::basic_string<char,std::char_traits<char>,std::allocator<char>>'
E:\2106\c++\cktrader\include\utils/cktypes.h(111): warning C4251: 'OrderData::direction': class 'std::basic_string<char,std::char_traits<char>,std::allocator<char>>' needs to have dll-interface to be used by clients of struct 'OrderData'
  C:\Program Files (x86)\Microsoft Visual Studio 14.0\VC\include\xstring(2633): note: see declaration of 'std::basic_string<char,std::char_traits<char>,std::allocator<char>>'
E:\2106\c++\cktrader\include\utils/cktypes.h(112): warning C4251: 'OrderData::offset': class 'std::basic_string<char,std::char_traits<char>,std::allocator<char>>' needs to have dll-interface to be used by clients of struct 'OrderData'
  C:\Program Files (x86)\Microsoft Visual Studio 14.0\VC\include\xstring(2633): note: see declaration of 'std::basic_string<char,std::char_traits<char>,std::allocator<char>>'
E:\2106\c++\cktrader\include\utils/cktypes.h(116): warning C4251: 'OrderData::status': class 'std::basic_string<char,std::char_traits<char>,std::allocator<char>>' needs to have dll-interface to be used by clients of struct 'OrderData'
  C:\Program Files (x86)\Microsoft Visual Studio 14.0\VC\include\xstring(2633): note: see declaration of 'std::basic_string<char,std::char_traits<char>,std::allocator<char>>'
E:\2106\c++\cktrader\include\utils/cktypes.h(117): warning C4251: 'OrderData::orderTime': class 'std::basic_string<char,std::char_traits<char>,std::allocator<char>>' needs to have dll-interface to be used by clients of struct 'OrderData'
  C:\Program Files (x86)\Microsoft Visual Studio 14.0\VC\include\xstring(2633): note: see declaration of 'std::basic_string<char,std::char_traits<char>,std::allocator<char>>'
E:\2106\c++\cktrader\include\utils/cktypes.h(118): warning C4251: 'OrderData::cancelTime': class 'std::basic_string<char,std::char_traits<char>,std::allocator<char>>' needs to have dll-interface to be used by clients of struct 'OrderData'
  C:\Program Files (x86)\Microsoft Visual Studio 14.0\VC\include\xstring(2633): note: see declaration of 'std::basic_string<char,std::char_traits<char>,std::allocator<char>>'
E:\2106\c++\cktrader\include\utils/cktypes.h(121): warning C4251: 'OrderData::tOrderID': class 'std::basic_string<char,std::char_traits<char>,std::allocator<char>>' needs to have dll-interface to be used by clients of struct 'OrderData'
  C:\Program Files (x86)\Microsoft Visual Studio 14.0\VC\include\xstring(2633): note: see declaration of 'std::basic_string<char,std::char_traits<char>,std::allocator<char>>'
E:\2106\c++\cktrader\include\utils/cktypes.h(122): warning C4251: 'OrderData::gateWayName': class 'std::basic_string<char,std::char_traits<char>,std::allocator<char>>' needs to have dll-interface to be used by clients of struct 'OrderData'
  C:\Program Files (x86)\Microsoft Visual Studio 14.0\VC\include\xstring(2633): note: see declaration of 'std::basic_string<char,std::char_traits<char>,std::allocator<char>>'
E:\2106\c++\cktrader\include\utils/cktypes.h(123): warning C4251: 'OrderData::tSymbol': class 'std::basic_string<char,std::char_traits<char>,std::allocator<char>>' needs to have dll-interface to be used by clients of struct 'OrderData'
  C:\Program Files (x86)\Microsoft Visual Studio 14.0\VC\include\xstring(2633): note: see declaration of 'std::basic_string<char,std::char_traits<char>,std::allocator<char>>'
E:\2106\c++\cktrader\include\utils/cktypes.h(128): warning C4251: 'TradeData::symbol': class 'std::basic_string<char,std::char_traits<char>,std::allocator<char>>' needs to have dll-interface to be used by clients of struct 'TradeData'
  C:\Program Files (x86)\Microsoft Visual Studio 14.0\VC\include\xstring(2633): note: see declaration of 'std::basic_string<char,std::char_traits<char>,std::allocator<char>>'
E:\2106\c++\cktrader\include\utils/cktypes.h(129): warning C4251: 'TradeData::exchange': class 'std::basic_string<char,std::char_traits<char>,std::allocator<char>>' needs to have dll-interface to be used by clients of struct 'TradeData'
  C:\Program Files (x86)\Microsoft Visual Studio 14.0\VC\include\xstring(2633): note: see declaration of 'std::basic_string<char,std::char_traits<char>,std::allocator<char>>'
E:\2106\c++\cktrader\include\utils/cktypes.h(130): warning C4251: 'TradeData::tradeID': class 'std::basic_string<char,std::char_traits<char>,std::allocator<char>>' needs to have dll-interface to be used by clients of struct 'TradeData'
  C:\Program Files (x86)\Microsoft Visual Studio 14.0\VC\include\xstring(2633): note: see declaration of 'std::basic_string<char,std::char_traits<char>,std::allocator<char>>'
E:\2106\c++\cktrader\include\utils/cktypes.h(131): warning C4251: 'TradeData::orderID': class 'std::basic_string<char,std::char_traits<char>,std::allocator<char>>' needs to have dll-interface to be used by clients of struct 'TradeData'
  C:\Program Files (x86)\Microsoft Visual Studio 14.0\VC\include\xstring(2633): note: see declaration of 'std::basic_string<char,std::char_traits<char>,std::allocator<char>>'
E:\2106\c++\cktrader\include\utils/cktypes.h(132): warning C4251: 'TradeData::direction': class 'std::basic_string<char,std::char_traits<char>,std::allocator<char>>' needs to have dll-interface to be used by clients of struct 'TradeData'
  C:\Program Files (x86)\Microsoft Visual Studio 14.0\VC\include\xstring(2633): note: see declaration of 'std::basic_string<char,std::char_traits<char>,std::allocator<char>>'
E:\2106\c++\cktrader\include\utils/cktypes.h(133): warning C4251: 'TradeData::offset': class 'std::basic_string<char,std::char_traits<char>,std::allocator<char>>' needs to have dll-interface to be used by clients of struct 'TradeData'
  C:\Program Files (x86)\Microsoft Visual Studio 14.0\VC\include\xstring(2633): note: see declaration of 'std::basic_string<char,std::char_traits<char>,std::allocator<char>>'
E:\2106\c++\cktrader\include\utils/cktypes.h(136): warning C4251: 'TradeData::tradeTime': class 'std::basic_string<char,std::char_traits<char>,std::allocator<char>>' needs to have dll-interface to be used by clients of struct 'TradeData'
  C:\Program Files (x86)\Microsoft Visual Studio 14.0\VC\include\xstring(2633): note: see declaration of 'std::basic_string<char,std::char_traits<char>,std::allocator<char>>'
E:\2106\c++\cktrader\include\utils/cktypes.h(137): warning C4251: 'TradeData::tTradeID': class 'std::basic_string<char,std::char_traits<char>,std::allocator<char>>' needs to have dll-interface to be used by clients of struct 'TradeData'
  C:\Program Files (x86)\Microsoft Visual Studio 14.0\VC\include\xstring(2633): note: see declaration of 'std::basic_string<char,std::char_traits<char>,std::allocator<char>>'
E:\2106\c++\cktrader\include\utils/cktypes.h(138): warning C4251: 'TradeData::tOrderID': class 'std::basic_string<char,std::char_traits<char>,std::allocator<char>>' needs to have dll-interface to be used by clients of struct 'TradeData'
  C:\Program Files (x86)\Microsoft Visual Studio 14.0\VC\include\xstring(2633): note: see declaration of 'std::basic_string<char,std::char_traits<char>,std::allocator<char>>'
E:\2106\c++\cktrader\include\utils/cktypes.h(139): warning C4251: 'TradeData::gateWayName': class 'std::basic_string<char,std::char_traits<char>,std::allocator<char>>' needs to have dll-interface to be used by clients of struct 'TradeData'
  C:\Program Files (x86)\Microsoft Visual Studio 14.0\VC\include\xstring(2633): note: see declaration of 'std::basic_string<char,std::char_traits<char>,std::allocator<char>>'
E:\2106\c++\cktrader\include\utils/cktypes.h(140): warning C4251: 'TradeData::tSymbol': class 'std::basic_string<char,std::char_traits<char>,std::allocator<char>>' needs to have dll-interface to be used by clients of struct 'TradeData'
  C:\Program Files (x86)\Microsoft Visual Studio 14.0\VC\include\xstring(2633): note: see declaration of 'std::basic_string<char,std::char_traits<char>,std::allocator<char>>'
E:\2106\c++\cktrader\include\utils/cktypes.h(145): warning C4251: 'PositionData::symbol': class 'std::basic_string<char,std::char_traits<char>,std::allocator<char>>' needs to have dll-interface to be used by clients of struct 'PositionData'
  C:\Program Files (x86)\Microsoft Visual Studio 14.0\VC\include\xstring(2633): note: see declaration of 'std::basic_string<char,std::char_traits<char>,std::allocator<char>>'
E:\2106\c++\cktrader\include\utils/cktypes.h(146): warning C4251: 'PositionData::exchange': class 'std::basic_string<char,std::char_traits<char>,std::allocator<char>>' needs to have dll-interface to be used by clients of struct 'PositionData'
  C:\Program Files (x86)\Microsoft Visual Studio 14.0\VC\include\xstring(2633): note: see declaration of 'std::basic_string<char,std::char_traits<char>,std::allocator<char>>'
E:\2106\c++\cktrader\include\utils/cktypes.h(147): warning C4251: 'PositionData::tSymbol': class 'std::basic_string<char,std::char_traits<char>,std::allocator<char>>' needs to have dll-interface to be used by clients of struct 'PositionData'
  C:\Program Files (x86)\Microsoft Visual Studio 14.0\VC\include\xstring(2633): note: see declaration of 'std::basic_string<char,std::char_traits<char>,std::allocator<char>>'
E:\2106\c++\cktrader\include\utils/cktypes.h(148): warning C4251: 'PositionData::direction': class 'std::basic_string<char,std::char_traits<char>,std::allocator<char>>' needs to have dll-interface to be used by clients of struct 'PositionData'
  C:\Program Files (x86)\Microsoft Visual Studio 14.0\VC\include\xstring(2633): note: see declaration of 'std::basic_string<char,std::char_traits<char>,std::allocator<char>>'
E:\2106\c++\cktrader\include\utils/cktypes.h(152): warning C4251: 'PositionData::tPositionName': class 'std::basic_string<char,std::char_traits<char>,std::allocator<char>>' needs to have dll-interface to be used by clients of struct 'PositionData'
  C:\Program Files (x86)\Microsoft Visual Studio 14.0\VC\include\xstring(2633): note: see declaration of 'std::basic_string<char,std::char_traits<char>,std::allocator<char>>'
E:\2106\c++\cktrader\include\utils/cktypes.h(154): warning C4251: 'PositionData::gateWayName': class 'std::basic_string<char,std::char_traits<char>,std::allocator<char>>' needs to have dll-interface to be used by clients of struct 'PositionData'
  C:\Program Files (x86)\Microsoft Visual Studio 14.0\VC\include\xstring(2633): note: see declaration of 'std::basic_string<char,std::char_traits<char>,std::allocator<char>>'
E:\2106\c++\cktrader\include\utils/cktypes.h(162): warning C4251: 'AccountData::accountID': class 'std::basic_string<char,std::char_traits<char>,std::allocator<char>>' needs to have dll-interface to be used by clients of struct 'AccountData'
  C:\Program Files (x86)\Microsoft Visual Studio 14.0\VC\include\xstring(2633): note: see declaration of 'std::basic_string<char,std::char_traits<char>,std::allocator<char>>'
E:\2106\c++\cktrader\include\utils/cktypes.h(163): warning C4251: 'AccountData::tAccountID': class 'std::basic_string<char,std::char_traits<char>,std::allocator<char>>' needs to have dll-interface to be used by clients of struct 'AccountData'
  C:\Program Files (x86)\Microsoft Visual Studio 14.0\VC\include\xstring(2633): note: see declaration of 'std::basic_string<char,std::char_traits<char>,std::allocator<char>>'
E:\2106\c++\cktrader\include\utils/cktypes.h(171): warning C4251: 'AccountData::gateWayName': class 'std::basic_string<char,std::char_traits<char>,std::allocator<char>>' needs to have dll-interface to be used by clients of struct 'AccountData'
  C:\Program Files (x86)\Microsoft Visual Studio 14.0\VC\include\xstring(2633): note: see declaration of 'std::basic_string<char,std::char_traits<char>,std::allocator<char>>'
E:\2106\c++\cktrader\include\utils/cktypes.h(176): warning C4251: 'ErrorData::errorID': class 'std::basic_string<char,std::char_traits<char>,std::allocator<char>>' needs to have dll-interface to be used by clients of struct 'ErrorData'
  C:\Program Files (x86)\Microsoft Visual Studio 14.0\VC\include\xstring(2633): note: see declaration of 'std::basic_string<char,std::char_traits<char>,std::allocator<char>>'
E:\2106\c++\cktrader\include\utils/cktypes.h(177): warning C4251: 'ErrorData::errorMsg': class 'std::basic_string<char,std::char_traits<char>,std::allocator<char>>' needs to have dll-interface to be used by clients of struct 'ErrorData'
  C:\Program Files (x86)\Microsoft Visual Studio 14.0\VC\include\xstring(2633): note: see declaration of 'std::basic_string<char,std::char_traits<char>,std::allocator<char>>'
E:\2106\c++\cktrader\include\utils/cktypes.h(178): warning C4251: 'ErrorData::additionalInfo': class 'std::basic_string<char,std::char_traits<char>,std::allocator<char>>' needs to have dll-interface to be used by clients of struct 'ErrorData'
  C:\Program Files (x86)\Microsoft Visual Studio 14.0\VC\include\xstring(2633): note: see declaration of 'std::basic_string<char,std::char_traits<char>,std::allocator<char>>'
E:\2106\c++\cktrader\include\utils/cktypes.h(179): warning C4251: 'ErrorData::gateWayName': class 'std::basic_string<char,std::char_traits<char>,std::allocator<char>>' needs to have dll-interface to be used by clients of struct 'ErrorData'
  C:\Program Files (x86)\Microsoft Visual Studio 14.0\VC\include\xstring(2633): note: see declaration of 'std::basic_string<char,std::char_traits<char>,std::allocator<char>>'
E:\2106\c++\cktrader\include\utils/cktypes.h(184): warning C4251: 'LogData::logContent': class 'std::basic_string<char,std::char_traits<char>,std::allocator<char>>' needs to have dll-interface to be used by clients of struct 'LogData'
  C:\Program Files (x86)\Microsoft Visual Studio 14.0\VC\include\xstring(2633): note: see declaration of 'std::basic_string<char,std::char_traits<char>,std::allocator<char>>'
E:\2106\c++\cktrader\include\utils/cktypes.h(185): warning C4251: 'LogData::gateWayName': class 'std::basic_string<char,std::char_traits<char>,std::allocator<char>>' needs to have dll-interface to be used by clients of struct 'LogData'
  C:\Program Files (x86)\Microsoft Visual Studio 14.0\VC\include\xstring(2633): note: see declaration of 'std::basic_string<char,std::char_traits<char>,std::allocator<char>>'
E:\2106\c++\cktrader\include\utils/cktypes.h(190): warning C4251: 'ContractData::symbol': class 'std::basic_string<char,std::char_traits<char>,std::allocator<char>>' needs to have dll-interface to be used by clients of struct 'ContractData'
  C:\Program Files (x86)\Microsoft Visual Studio 14.0\VC\include\xstring(2633): note: see declaration of 'std::basic_string<char,std::char_traits<char>,std::allocator<char>>'
E:\2106\c++\cktrader\include\utils/cktypes.h(191): warning C4251: 'ContractData::exchange': class 'std::basic_string<char,std::char_traits<char>,std::allocator<char>>' needs to have dll-interface to be used by clients of struct 'ContractData'
  C:\Program Files (x86)\Microsoft Visual Studio 14.0\VC\include\xstring(2633): note: see declaration of 'std::basic_string<char,std::char_traits<char>,std::allocator<char>>'
E:\2106\c++\cktrader\include\utils/cktypes.h(192): warning C4251: 'ContractData::tSymbol': class 'std::basic_string<char,std::char_traits<char>,std::allocator<char>>' needs to have dll-interface to be used by clients of struct 'ContractData'
  C:\Program Files (x86)\Microsoft Visual Studio 14.0\VC\include\xstring(2633): note: see declaration of 'std::basic_string<char,std::char_traits<char>,std::allocator<char>>'
E:\2106\c++\cktrader\include\utils/cktypes.h(193): warning C4251: 'ContractData::name': class 'std::basic_string<char,std::char_traits<char>,std::allocator<char>>' needs to have dll-interface to be used by clients of struct 'ContractData'
  C:\Program Files (x86)\Microsoft Visual Studio 14.0\VC\include\xstring(2633): note: see declaration of 'std::basic_string<char,std::char_traits<char>,std::allocator<char>>'
E:\2106\c++\cktrader\include\utils/cktypes.h(194): warning C4251: 'ContractData::productClass': class 'std::basic_string<char,std::char_traits<char>,std::allocator<char>>' needs to have dll-interface to be used by clients of struct 'ContractData'
  C:\Program Files (x86)\Microsoft Visual Studio 14.0\VC\include\xstring(2633): note: see declaration of 'std::basic_string<char,std::char_traits<char>,std::allocator<char>>'
E:\2106\c++\cktrader\include\utils/cktypes.h(198): warning C4251: 'ContractData::underlyingSymbol': class 'std::basic_string<char,std::char_traits<char>,std::allocator<char>>' needs to have dll-interface to be used by clients of struct 'ContractData'
  C:\Program Files (x86)\Microsoft Visual Studio 14.0\VC\include\xstring(2633): note: see declaration of 'std::basic_string<char,std::char_traits<char>,std::allocator<char>>'
E:\2106\c++\cktrader\include\utils/cktypes.h(199): warning C4251: 'ContractData::optionType': class 'std::basic_string<char,std::char_traits<char>,std::allocator<char>>' needs to have dll-interface to be used by clients of struct 'ContractData'
  C:\Program Files (x86)\Microsoft Visual Studio 14.0\VC\include\xstring(2633): note: see declaration of 'std::basic_string<char,std::char_traits<char>,std::allocator<char>>'
E:\2106\c++\cktrader\include\utils/cktypes.h(200): warning C4251: 'ContractData::gateWayName': class 'std::basic_string<char,std::char_traits<char>,std::allocator<char>>' needs to have dll-interface to be used by clients of struct 'ContractData'
  C:\Program Files (x86)\Microsoft Visual Studio 14.0\VC\include\xstring(2633): note: see declaration of 'std::basic_string<char,std::char_traits<char>,std::allocator<char>>'
E:\2106\c++\cktrader\include\utils/cktypes.h(205): warning C4251: 'SubscribeReq::symbol': class 'std::basic_string<char,std::char_traits<char>,std::allocator<char>>' needs to have dll-interface to be used by clients of struct 'SubscribeReq'
  C:\Program Files (x86)\Microsoft Visual Studio 14.0\VC\include\xstring(2633): note: see declaration of 'std::basic_string<char,std::char_traits<char>,std::allocator<char>>'
E:\2106\c++\cktrader\include\utils/cktypes.h(206): warning C4251: 'SubscribeReq::exchange': class 'std::basic_string<char,std::char_traits<char>,std::allocator<char>>' needs to have dll-interface to be used by clients of struct 'SubscribeReq'
  C:\Program Files (x86)\Microsoft Visual Studio 14.0\VC\include\xstring(2633): note: see declaration of 'std::basic_string<char,std::char_traits<char>,std::allocator<char>>'
E:\2106\c++\cktrader\include\utils/cktypes.h(207): warning C4251: 'SubscribeReq::productClass': class 'std::basic_string<char,std::char_traits<char>,std::allocator<char>>' needs to have dll-interface to be used by clients of struct 'SubscribeReq'
  C:\Program Files (x86)\Microsoft Visual Studio 14.0\VC\include\xstring(2633): note: see declaration of 'std::basic_string<char,std::char_traits<char>,std::allocator<char>>'
E:\2106\c++\cktrader\include\utils/cktypes.h(208): warning C4251: 'SubscribeReq::currency': class 'std::basic_string<char,std::char_traits<char>,std::allocator<char>>' needs to have dll-interface to be used by clients of struct 'SubscribeReq'
  C:\Program Files (x86)\Microsoft Visual Studio 14.0\VC\include\xstring(2633): note: see declaration of 'std::basic_string<char,std::char_traits<char>,std::allocator<char>>'
E:\2106\c++\cktrader\include\utils/cktypes.h(209): warning C4251: 'SubscribeReq::expiry': class 'std::basic_string<char,std::char_traits<char>,std::allocator<char>>' needs to have dll-interface to be used by clients of struct 'SubscribeReq'
  C:\Program Files (x86)\Microsoft Visual Studio 14.0\VC\include\xstring(2633): note: see declaration of 'std::basic_string<char,std::char_traits<char>,std::allocator<char>>'
E:\2106\c++\cktrader\include\utils/cktypes.h(211): warning C4251: 'SubscribeReq::optionType': class 'std::basic_string<char,std::char_traits<char>,std::allocator<char>>' needs to have dll-interface to be used by clients of struct 'SubscribeReq'
  C:\Program Files (x86)\Microsoft Visual Studio 14.0\VC\include\xstring(2633): note: see declaration of 'std::basic_string<char,std::char_traits<char>,std::allocator<char>>'
E:\2106\c++\cktrader\include\utils/cktypes.h(212): warning C4251: 'SubscribeReq::strateyName': class 'std::basic_string<char,std::char_traits<char>,std::allocator<char>>' needs to have dll-interface to be used by clients of struct 'SubscribeReq'
  C:\Program Files (x86)\Microsoft Visual Studio 14.0\VC\include\xstring(2633): note: see declaration of 'std::basic_string<char,std::char_traits<char>,std::allocator<char>>'
E:\2106\c++\cktrader\include\utils/cktypes.h(217): warning C4251: 'OrderReq::symbol': class 'std::basic_string<char,std::char_traits<char>,std::allocator<char>>' needs to have dll-interface to be used by clients of struct 'OrderReq'
  C:\Program Files (x86)\Microsoft Visual Studio 14.0\VC\include\xstring(2633): note: see declaration of 'std::basic_string<char,std::char_traits<char>,std::allocator<char>>'
E:\2106\c++\cktrader\include\utils/cktypes.h(218): warning C4251: 'OrderReq::exchange': class 'std::basic_string<char,std::char_traits<char>,std::allocator<char>>' needs to have dll-interface to be used by clients of struct 'OrderReq'
  C:\Program Files (x86)\Microsoft Visual Studio 14.0\VC\include\xstring(2633): note: see declaration of 'std::basic_string<char,std::char_traits<char>,std::allocator<char>>'
E:\2106\c++\cktrader\include\utils/cktypes.h(221): warning C4251: 'OrderReq::priceType': class 'std::basic_string<char,std::char_traits<char>,std::allocator<char>>' needs to have dll-interface to be used by clients of struct 'OrderReq'
  C:\Program Files (x86)\Microsoft Visual Studio 14.0\VC\include\xstring(2633): note: see declaration of 'std::basic_string<char,std::char_traits<char>,std::allocator<char>>'
E:\2106\c++\cktrader\include\utils/cktypes.h(222): warning C4251: 'OrderReq::direction': class 'std::basic_string<char,std::char_traits<char>,std::allocator<char>>' needs to have dll-interface to be used by clients of struct 'OrderReq'
  C:\Program Files (x86)\Microsoft Visual Studio 14.0\VC\include\xstring(2633): note: see declaration of 'std::basic_string<char,std::char_traits<char>,std::allocator<char>>'
E:\2106\c++\cktrader\include\utils/cktypes.h(223): warning C4251: 'OrderReq::offset': class 'std::basic_string<char,std::char_traits<char>,std::allocator<char>>' needs to have dll-interface to be used by clients of struct 'OrderReq'
  C:\Program Files (x86)\Microsoft Visual Studio 14.0\VC\include\xstring(2633): note: see declaration of 'std::basic_string<char,std::char_traits<char>,std::allocator<char>>'
E:\2106\c++\cktrader\include\utils/cktypes.h(224): warning C4251: 'OrderReq::productClass': class 'std::basic_string<char,std::char_traits<char>,std::allocator<char>>' needs to have dll-interface to be used by clients of struct 'OrderReq'
  C:\Program Files (x86)\Microsoft Visual Studio 14.0\VC\include\xstring(2633): note: see declaration of 'std::basic_string<char,std::char_traits<char>,std::allocator<char>>'
E:\2106\c++\cktrader\include\utils/cktypes.h(225): warning C4251: 'OrderReq::currency': class 'std::basic_string<char,std::char_traits<char>,std::allocator<char>>' needs to have dll-interface to be used by clients of struct 'OrderReq'
  C:\Program Files (x86)\Microsoft Visual Studio 14.0\VC\include\xstring(2633): note: see declaration of 'std::basic_string<char,std::char_traits<char>,std::allocator<char>>'
E:\2106\c++\cktrader\include\utils/cktypes.h(226): warning C4251: 'OrderReq::expiry': class 'std::basic_string<char,std::char_traits<char>,std::allocator<char>>' needs to have dll-interface to be used by clients of struct 'OrderReq'
  C:\Program Files (x86)\Microsoft Visual Studio 14.0\VC\include\xstring(2633): note: see declaration of 'std::basic_string<char,std::char_traits<char>,std::allocator<char>>'
E:\2106\c++\cktrader\include\utils/cktypes.h(228): warning C4251: 'OrderReq::optionType': class 'std::basic_string<char,std::char_traits<char>,std::allocator<char>>' needs to have dll-interface to be used by clients of struct 'OrderReq'
  C:\Program Files (x86)\Microsoft Visual Studio 14.0\VC\include\xstring(2633): note: see declaration of 'std::basic_string<char,std::char_traits<char>,std::allocator<char>>'
E:\2106\c++\cktrader\include\utils/cktypes.h(229): warning C4251: 'OrderReq::strateyName': class 'std::basic_string<char,std::char_traits<char>,std::allocator<char>>' needs to have dll-interface to be used by clients of struct 'OrderReq'
  C:\Program Files (x86)\Microsoft Visual Studio 14.0\VC\include\xstring(2633): note: see declaration of 'std::basic_string<char,std::char_traits<char>,std::allocator<char>>'
E:\2106\c++\cktrader\include\utils/cktypes.h(234): warning C4251: 'CancelOrderReq::symbol': class 'std::basic_string<char,std::char_traits<char>,std::allocator<char>>' needs to have dll-interface to be used by clients of struct 'CancelOrderReq'
  C:\Program Files (x86)\Microsoft Visual Studio 14.0\VC\include\xstring(2633): note: see declaration of 'std::basic_string<char,std::char_traits<char>,std::allocator<char>>'
E:\2106\c++\cktrader\include\utils/cktypes.h(235): warning C4251: 'CancelOrderReq::exchange': class 'std::basic_string<char,std::char_traits<char>,std::allocator<char>>' needs to have dll-interface to be used by clients of struct 'CancelOrderReq'
  C:\Program Files (x86)\Microsoft Visual Studio 14.0\VC\include\xstring(2633): note: see declaration of 'std::basic_string<char,std::char_traits<char>,std::allocator<char>>'
E:\2106\c++\cktrader\include\utils/cktypes.h(236): warning C4251: 'CancelOrderReq::orderID': class 'std::basic_string<char,std::char_traits<char>,std::allocator<char>>' needs to have dll-interface to be used by clients of struct 'CancelOrderReq'
  C:\Program Files (x86)\Microsoft Visual Studio 14.0\VC\include\xstring(2633): note: see declaration of 'std::basic_string<char,std::char_traits<char>,std::allocator<char>>'
E:\2106\c++\cktrader\include\utils/cktypes.h(237): warning C4251: 'CancelOrderReq::frontID': class 'std::basic_string<char,std::char_traits<char>,std::allocator<char>>' needs to have dll-interface to be used by clients of struct 'CancelOrderReq'
  C:\Program Files (x86)\Microsoft Visual Studio 14.0\VC\include\xstring(2633): note: see declaration of 'std::basic_string<char,std::char_traits<char>,std::allocator<char>>'
E:\2106\c++\cktrader\include\utils/cktypes.h(238): warning C4251: 'CancelOrderReq::sessionID': class 'std::basic_string<char,std::char_traits<char>,std::allocator<char>>' needs to have dll-interface to be used by clients of struct 'CancelOrderReq'
  C:\Program Files (x86)\Microsoft Visual Studio 14.0\VC\include\xstring(2633): note: see declaration of 'std::basic_string<char,std::char_traits<char>,std::allocator<char>>'
E:\2106\c++\cktrader\include\utils/cktypes.h(239): warning C4251: 'CancelOrderReq::strateyName': class 'std::basic_string<char,std::char_traits<char>,std::allocator<char>>' needs to have dll-interface to be used by clients of struct 'CancelOrderReq'
  C:\Program Files (x86)\Microsoft Visual Studio 14.0\VC\include\xstring(2633): note: see declaration of 'std::basic_string<char,std::char_traits<char>,std::allocator<char>>'
E:\2106\c++\cktrader\include\utils/cktypes.h(244): warning C4251: 'StopOrder::tSymbol': class 'std::basic_string<char,std::char_traits<char>,std::allocator<char>>' needs to have dll-interface to be used by clients of struct 'StopOrder'
  C:\Program Files (x86)\Microsoft Visual Studio 14.0\VC\include\xstring(2633): note: see declaration of 'std::basic_string<char,std::char_traits<char>,std::allocator<char>>'
E:\2106\c++\cktrader\include\utils/cktypes.h(245): warning C4251: 'StopOrder::orderType': class 'std::basic_string<char,std::char_traits<char>,std::allocator<char>>' needs to have dll-interface to be used by clients of struct 'StopOrder'
  C:\Program Files (x86)\Microsoft Visual Studio 14.0\VC\include\xstring(2633): note: see declaration of 'std::basic_string<char,std::char_traits<char>,std::allocator<char>>'
E:\2106\c++\cktrader\include\utils/cktypes.h(246): warning C4251: 'StopOrder::direction': class 'std::basic_string<char,std::char_traits<char>,std::allocator<char>>' needs to have dll-interface to be used by clients of struct 'StopOrder'
  C:\Program Files (x86)\Microsoft Visual Studio 14.0\VC\include\xstring(2633): note: see declaration of 'std::basic_string<char,std::char_traits<char>,std::allocator<char>>'
E:\2106\c++\cktrader\include\utils/cktypes.h(247): warning C4251: 'StopOrder::offset': class 'std::basic_string<char,std::char_traits<char>,std::allocator<char>>' needs to have dll-interface to be used by clients of struct 'StopOrder'
  C:\Program Files (x86)\Microsoft Visual Studio 14.0\VC\include\xstring(2633): note: see declaration of 'std::basic_string<char,std::char_traits<char>,std::allocator<char>>'
E:\2106\c++\cktrader\include\utils/cktypes.h(251): warning C4251: 'StopOrder::stopOrderID': class 'std::basic_string<char,std::char_traits<char>,std::allocator<char>>' needs to have dll-interface to be used by clients of struct 'StopOrder'
  C:\Program Files (x86)\Microsoft Visual Studio 14.0\VC\include\xstring(2633): note: see declaration of 'std::basic_string<char,std::char_traits<char>,std::allocator<char>>'
E:\2106\c++\cktrader\include\utils/cktypes.h(252): warning C4251: 'StopOrder::status': class 'std::basic_string<char,std::char_traits<char>,std::allocator<char>>' needs to have dll-interface to be used by clients of struct 'StopOrder'
  C:\Program Files (x86)\Microsoft Visual Studio 14.0\VC\include\xstring(2633): note: see declaration of 'std::basic_string<char,std::char_traits<char>,std::allocator<char>>'
     Creating library E:\2106\c++\cktrader\Release\eventservice.lib and object E:\2106\c++\cktrader\Release\eventservice.exp
  Generating code
  1 of 1318 functions ( 0.1%) were compiled, the rest were copied from previous compilation.
    0 functions were new in current compilation
    1 functions had inline decision re-evaluated but remain unchanged
  Finished generating code
  eventservice.vcxproj -> E:\2106\c++\cktrader\Release\eventservice.dll
  eventservice.vcxproj -> E:\2106\c++\cktrader\Release\eventservice.pdb (Full PDB)
  E:\2106\c++\cktrader\Release\eventservice.dll
  复制了 1 个文件
  E:\2106\c++\cktrader\Release\eventservice.lib
  复制了 1 个文件
