e:\2106\c++\cktrader\src\tradergui\debug\vc140.pdb
e:\2106\c++\cktrader\src\tradergui\debug\moc_tickform.obj
e:\2106\c++\cktrader\src\tradergui\debug\moc_strategypanel.obj
e:\2106\c++\cktrader\src\tradergui\debug\moc_strategyform.obj
e:\2106\c++\cktrader\src\tradergui\debug\moc_positionform.obj
e:\2106\c++\cktrader\src\tradergui\debug\moc_pageeventfilter.obj
e:\2106\c++\cktrader\src\tradergui\debug\moc_orderform.obj
e:\2106\c++\cktrader\src\tradergui\debug\moc_nofocusdelegate.obj
e:\2106\c++\cktrader\src\tradergui\debug\moc_logform.obj
e:\2106\c++\cktrader\src\tradergui\debug\moc_errorform.obj
e:\2106\c++\cktrader\src\tradergui\debug\moc_ctplogin.obj
e:\2106\c++\cktrader\src\tradergui\debug\moc_ctpconfig.obj
e:\2106\c++\cktrader\src\tradergui\debug\moc_contractform.obj
e:\2106\c++\cktrader\src\tradergui\debug\moc_categorywidgets.obj
e:\2106\c++\cktrader\src\tradergui\debug\moc_accountform.obj
e:\2106\c++\cktrader\src\tradergui\debug\errorform.obj
e:\2106\c++\cktrader\src\tradergui\debug\ctplogin.obj
e:\2106\c++\cktrader\src\tradergui\debug\ctpconfig.obj
e:\2106\c++\cktrader\src\tradergui\debug\contractform.obj
e:\2106\c++\cktrader\src\tradergui\debug\categorywidgets.obj
e:\2106\c++\cktrader\src\tradergui\debug\accountform.obj
e:\2106\c++\cktrader\src\tradergui\debug\widgetbox.obj
e:\2106\c++\cktrader\src\tradergui\debug\tradergui.obj
e:\2106\c++\cktrader\src\tradergui\debug\tradeform.obj
e:\2106\c++\cktrader\src\tradergui\debug\tickform.obj
e:\2106\c++\cktrader\src\tradergui\debug\strategypanel.obj
e:\2106\c++\cktrader\src\tradergui\debug\strategyform.obj
e:\2106\c++\cktrader\src\tradergui\debug\positionform.obj
e:\2106\c++\cktrader\src\tradergui\debug\pageeventfilter.obj
e:\2106\c++\cktrader\src\tradergui\debug\orderform.obj
e:\2106\c++\cktrader\src\tradergui\debug\nofocusdelegate.obj
e:\2106\c++\cktrader\src\tradergui\debug\main.obj
e:\2106\c++\cktrader\src\tradergui\debug\logform.obj
e:\2106\c++\cktrader\src\tradergui\debug\moc_widgetbox.obj
e:\2106\c++\cktrader\src\tradergui\debug\moc_tradergui.obj
e:\2106\c++\cktrader\src\tradergui\debug\moc_tradeform.obj
e:\2106\c++\cktrader\src\tradergui\debug\qrc_tradergui.obj
e:\2106\c++\cktrader\src\tradergui\generatedfiles\debug\moc_tradergui.cpp
e:\2106\c++\cktrader\src\tradergui\generatedfiles\ui_tradergui.h
e:\2106\c++\cktrader\src\tradergui\generatedfiles\debug\moc_strategypanel.cpp
e:\2106\c++\cktrader\src\tradergui\generatedfiles\debug\moc_widgetbox.cpp
e:\2106\c++\cktrader\src\tradergui\generatedfiles\debug\moc_pageeventfilter.cpp
e:\2106\c++\cktrader\src\tradergui\generatedfiles\debug\moc_strategyform.cpp
e:\2106\c++\cktrader\src\tradergui\generatedfiles\debug\moc_positionform.cpp
e:\2106\c++\cktrader\src\tradergui\generatedfiles\debug\moc_tradeform.cpp
e:\2106\c++\cktrader\src\tradergui\generatedfiles\debug\moc_logform.cpp
e:\2106\c++\cktrader\src\tradergui\generatedfiles\debug\moc_errorform.cpp
e:\2106\c++\cktrader\src\tradergui\generatedfiles\debug\moc_accountform.cpp
e:\2106\c++\cktrader\src\tradergui\generatedfiles\debug\moc_categorywidgets.cpp
e:\2106\c++\cktrader\src\tradergui\generatedfiles\debug\moc_ctpconfig.cpp
e:\2106\c++\cktrader\src\tradergui\generatedfiles\debug\moc_ctplogin.cpp
e:\2106\c++\cktrader\src\tradergui\generatedfiles\debug\moc_nofocusdelegate.cpp
e:\2106\c++\cktrader\src\tradergui\generatedfiles\debug\moc_tickform.cpp
e:\2106\c++\cktrader\src\tradergui\generatedfiles\qrc_tradergui.cpp
e:\2106\c++\cktrader\src\tradergui\generatedfiles\ui_tickform.h
e:\2106\c++\cktrader\src\tradergui\generatedfiles\ui_contractform.h
e:\2106\c++\cktrader\src\tradergui\generatedfiles\ui_logform.h
e:\2106\c++\cktrader\src\tradergui\generatedfiles\ui_errorform.h
e:\2106\c++\cktrader\src\tradergui\generatedfiles\ui_accountform.h
e:\2106\c++\cktrader\src\tradergui\generatedfiles\ui_tradeform.h
e:\2106\c++\cktrader\src\tradergui\generatedfiles\ui_orderform.h
e:\2106\c++\cktrader\src\tradergui\generatedfiles\ui_positionform.h
e:\2106\c++\cktrader\src\tradergui\generatedfiles\ui_strategypanel.h
e:\2106\c++\cktrader\src\tradergui\generatedfiles\ui_ctpconfig.h
e:\2106\c++\cktrader\src\tradergui\generatedfiles\ui_ctplogin.h
e:\2106\c++\cktrader\src\tradergui\generatedfiles\debug\moc_orderform.cpp
e:\2106\c++\cktrader\src\tradergui\generatedfiles\debug\moc_contractform.cpp
e:\2106\c++\cktrader\win32\debug\tradergui.ilk
e:\2106\c++\cktrader\win32\debug\tradergui.exe
e:\2106\c++\cktrader\win32\debug\tradergui.pdb
e:\2106\c++\cktrader\src\tradergui\debug\tradergui.tlog\cl.command.1.tlog
e:\2106\c++\cktrader\src\tradergui\debug\tradergui.tlog\cl.read.1.tlog
e:\2106\c++\cktrader\src\tradergui\debug\tradergui.tlog\cl.write.1.tlog
e:\2106\c++\cktrader\src\tradergui\debug\tradergui.tlog\custombuild.command.1.tlog
e:\2106\c++\cktrader\src\tradergui\debug\tradergui.tlog\custombuild.read.1.tlog
e:\2106\c++\cktrader\src\tradergui\debug\tradergui.tlog\custombuild.write.1.tlog
e:\2106\c++\cktrader\src\tradergui\debug\tradergui.tlog\link.command.1.tlog
e:\2106\c++\cktrader\src\tradergui\debug\tradergui.tlog\link.read.1.tlog
e:\2106\c++\cktrader\src\tradergui\debug\tradergui.tlog\link.write.1.tlog
