e:\2106\c++\cktrader\src\tradergui\release\moc_tickform.obj
e:\2106\c++\cktrader\src\tradergui\release\moc_strategypanel.obj
e:\2106\c++\cktrader\src\tradergui\release\moc_strategyform.obj
e:\2106\c++\cktrader\src\tradergui\release\moc_positionform.obj
e:\2106\c++\cktrader\src\tradergui\release\moc_pageeventfilter.obj
e:\2106\c++\cktrader\src\tradergui\release\moc_orderform.obj
e:\2106\c++\cktrader\src\tradergui\release\moc_nofocusdelegate.obj
e:\2106\c++\cktrader\src\tradergui\release\moc_logform.obj
e:\2106\c++\cktrader\src\tradergui\release\moc_errorform.obj
e:\2106\c++\cktrader\src\tradergui\release\moc_ctplogin.obj
e:\2106\c++\cktrader\src\tradergui\release\moc_ctpconfig.obj
e:\2106\c++\cktrader\src\tradergui\release\moc_contractform.obj
e:\2106\c++\cktrader\src\tradergui\release\moc_categorywidgets.obj
e:\2106\c++\cktrader\src\tradergui\release\moc_accountform.obj
e:\2106\c++\cktrader\src\tradergui\release\errorform.obj
e:\2106\c++\cktrader\src\tradergui\release\ctplogin.obj
e:\2106\c++\cktrader\src\tradergui\release\ctpconfig.obj
e:\2106\c++\cktrader\src\tradergui\release\contractform.obj
e:\2106\c++\cktrader\src\tradergui\release\categorywidgets.obj
e:\2106\c++\cktrader\src\tradergui\release\accountform.obj
e:\2106\c++\cktrader\src\tradergui\release\widgetbox.obj
e:\2106\c++\cktrader\src\tradergui\release\tradergui.obj
e:\2106\c++\cktrader\src\tradergui\release\tradeform.obj
e:\2106\c++\cktrader\src\tradergui\release\tickform.obj
e:\2106\c++\cktrader\src\tradergui\release\strategypanel.obj
e:\2106\c++\cktrader\src\tradergui\release\strategyform.obj
e:\2106\c++\cktrader\src\tradergui\release\positionform.obj
e:\2106\c++\cktrader\src\tradergui\release\pageeventfilter.obj
e:\2106\c++\cktrader\src\tradergui\release\orderform.obj
e:\2106\c++\cktrader\src\tradergui\release\nofocusdelegate.obj
e:\2106\c++\cktrader\src\tradergui\release\main.obj
e:\2106\c++\cktrader\src\tradergui\release\logform.obj
e:\2106\c++\cktrader\src\tradergui\release\moc_widgetbox.obj
e:\2106\c++\cktrader\src\tradergui\release\moc_tradergui.obj
e:\2106\c++\cktrader\src\tradergui\release\moc_tradeform.obj
e:\2106\c++\cktrader\src\tradergui\release\qrc_tradergui.obj
e:\2106\c++\cktrader\src\tradergui\generatedfiles\release\moc_tradergui.cpp
e:\2106\c++\cktrader\src\tradergui\generatedfiles\ui_tradergui.h
e:\2106\c++\cktrader\src\tradergui\generatedfiles\release\moc_strategypanel.cpp
e:\2106\c++\cktrader\src\tradergui\generatedfiles\release\moc_widgetbox.cpp
e:\2106\c++\cktrader\src\tradergui\generatedfiles\release\moc_pageeventfilter.cpp
e:\2106\c++\cktrader\src\tradergui\generatedfiles\release\moc_strategyform.cpp
e:\2106\c++\cktrader\src\tradergui\generatedfiles\release\moc_positionform.cpp
e:\2106\c++\cktrader\src\tradergui\generatedfiles\release\moc_orderform.cpp
e:\2106\c++\cktrader\src\tradergui\generatedfiles\release\moc_tradeform.cpp
e:\2106\c++\cktrader\src\tradergui\generatedfiles\release\moc_logform.cpp
e:\2106\c++\cktrader\src\tradergui\generatedfiles\release\moc_contractform.cpp
e:\2106\c++\cktrader\src\tradergui\generatedfiles\release\moc_errorform.cpp
e:\2106\c++\cktrader\src\tradergui\generatedfiles\release\moc_accountform.cpp
e:\2106\c++\cktrader\src\tradergui\generatedfiles\release\moc_categorywidgets.cpp
e:\2106\c++\cktrader\src\tradergui\generatedfiles\release\moc_ctpconfig.cpp
e:\2106\c++\cktrader\src\tradergui\generatedfiles\release\moc_ctplogin.cpp
e:\2106\c++\cktrader\src\tradergui\generatedfiles\release\moc_nofocusdelegate.cpp
e:\2106\c++\cktrader\src\tradergui\generatedfiles\release\moc_tickform.cpp
e:\2106\c++\cktrader\src\tradergui\generatedfiles\qrc_tradergui.cpp
e:\2106\c++\cktrader\src\tradergui\generatedfiles\ui_tickform.h
e:\2106\c++\cktrader\src\tradergui\generatedfiles\ui_contractform.h
e:\2106\c++\cktrader\src\tradergui\generatedfiles\ui_logform.h
e:\2106\c++\cktrader\src\tradergui\generatedfiles\ui_errorform.h
e:\2106\c++\cktrader\src\tradergui\generatedfiles\ui_accountform.h
e:\2106\c++\cktrader\src\tradergui\generatedfiles\ui_tradeform.h
e:\2106\c++\cktrader\src\tradergui\generatedfiles\ui_orderform.h
e:\2106\c++\cktrader\src\tradergui\generatedfiles\ui_positionform.h
e:\2106\c++\cktrader\src\tradergui\generatedfiles\ui_strategypanel.h
e:\2106\c++\cktrader\src\tradergui\generatedfiles\ui_ctpconfig.h
e:\2106\c++\cktrader\src\tradergui\generatedfiles\ui_ctplogin.h
e:\2106\c++\cktrader\win32\release\tradergui.exe
e:\2106\c++\cktrader\src\tradergui\release\tradergui.tlog\cl.command.1.tlog
e:\2106\c++\cktrader\src\tradergui\release\tradergui.tlog\cl.read.1.tlog
e:\2106\c++\cktrader\src\tradergui\release\tradergui.tlog\cl.write.1.tlog
e:\2106\c++\cktrader\src\tradergui\release\tradergui.tlog\custombuild.command.1.tlog
e:\2106\c++\cktrader\src\tradergui\release\tradergui.tlog\custombuild.read.1.tlog
e:\2106\c++\cktrader\src\tradergui\release\tradergui.tlog\custombuild.write.1.tlog
e:\2106\c++\cktrader\src\tradergui\release\tradergui.tlog\link.command.1.tlog
e:\2106\c++\cktrader\src\tradergui\release\tradergui.tlog\link.read.1.tlog
e:\2106\c++\cktrader\src\tradergui\release\tradergui.tlog\link.write.1.tlog
