  Moc'ing TraderGUI.h...
  Uic'ing TraderGUI.ui...
  Moc'ing StackLayout.h...
  Moc'ing PositionForm.h...
  Moc'ing OrderForm.h...
  Moc'ing TradeForm.h...
  Moc'ing LogForm.h...
  Moc'ing ContractForm.h...
  Moc'ing ErrorForm.h...
  Moc'ing AccountForm.h...
  Moc'ing CollapsibleDockWidget.h...
  Moc'ing AnimatedStackedWidget.h...
  Moc'ing CrossFadePixmapWidget.h...
  Moc'ing NoFocusDelegate.h...
  Moc'ing TickForm.h...
  Rcc'ing TraderGUI.qrc...
RCC : warning : No resources in 'E:\2106\c++\cktrader\src\TraderGUI\TraderGUI.qrc'.
  
  Uic'ing TickForm.ui...
  Uic'ing login.ui...
  Uic'ing ContractForm.ui...
  Uic'ing LogForm.ui...
  Uic'ing ErrorForm.ui...
  Uic'ing AccountForm.ui...
  Uic'ing TradeForm.ui...
  Uic'ing OrderForm.ui...
  Uic'ing PositionForm.ui...
  AccountForm.cpp
  AnimatedStackedWidget.cpp
  CollapsibleDockWidget.cpp
  ContractForm.cpp
  CrossFadePixmapWidget.cpp
  ErrorForm.cpp
  moc_AccountForm.cpp
  moc_AnimatedStackedWidget.cpp
  moc_CollapsibleDockWidget.cpp
  moc_ContractForm.cpp
  moc_CrossFadePixmapWidget.cpp
  moc_ErrorForm.cpp
  moc_LogForm.cpp
  moc_NoFocusDelegate.cpp
  moc_OrderForm.cpp
  moc_PositionForm.cpp
  moc_StackLayout.cpp
  moc_TickForm.cpp
  moc_TradeForm.cpp
  moc_TraderGUI.cpp
  Generating Code...
  Compiling...
  LogForm.cpp
  main.cpp
  NoFocusDelegate.cpp
  OrderForm.cpp
  PositionForm.cpp
  StackLayout.cpp
  TickForm.cpp
  TradeForm.cpp
  TraderGUI.cpp
  Generating Code...
  qrc_TraderGUI.cpp
  TraderGUI.vcxproj -> E:\2106\c++\cktrader\Win32\Release\TraderGUI.exe
